Determining if the pthread_create exist failed with the following output:
Change Dir: /home/alles/FabenialCoin/Sources/build/release/CMakeFiles/CMakeTmp

Run Build Command(s):/usr/bin/make cmTC_86182/fast 
make[1]: вход в каталог «/home/alles/FabenialCoin/Sources/build/release/CMakeFiles/CMakeTmp»
/usr/bin/make -f CMakeFiles/cmTC_86182.dir/build.make CMakeFiles/cmTC_86182.dir/build
make[2]: вход в каталог «/home/alles/FabenialCoin/Sources/build/release/CMakeFiles/CMakeTmp»
Building C object CMakeFiles/cmTC_86182.dir/CheckSymbolExists.c.o
/usr/bin/cc   -std=c11  -Wall -Wextra -Wpointer-arith -Wundef -Wvla -Wwrite-strings -Werror -Wno-error=extra -Wno-error=unused-function -Wno-error=deprecated-declarations -Wno-error=sign-compare -Wno-error=strict-aliasing -Wno-error=type-limits -Wno-unused-parameter -Wno-error=unused-variable -Wno-error=undef -Wno-error=uninitialized -Wno-error=unused-result -Wlogical-op -Wno-error=maybe-uninitialized -Wno-error=clobbered -Wno-error=unused-but-set-variable -Wno-error=odr -Waggregate-return -Wnested-externs -Wold-style-definition -Wstrict-prototypes -march=native -maes    -o CMakeFiles/cmTC_86182.dir/CheckSymbolExists.c.o   -c /home/alles/FabenialCoin/Sources/build/release/CMakeFiles/CMakeTmp/CheckSymbolExists.c
Linking C executable cmTC_86182
/usr/bin/cmake -E cmake_link_script CMakeFiles/cmTC_86182.dir/link.txt --verbose=1
/usr/bin/cc  -std=c11  -Wall -Wextra -Wpointer-arith -Wundef -Wvla -Wwrite-strings -Werror -Wno-error=extra -Wno-error=unused-function -Wno-error=deprecated-declarations -Wno-error=sign-compare -Wno-error=strict-aliasing -Wno-error=type-limits -Wno-unused-parameter -Wno-error=unused-variable -Wno-error=undef -Wno-error=uninitialized -Wno-error=unused-result -Wlogical-op -Wno-error=maybe-uninitialized -Wno-error=clobbered -Wno-error=unused-but-set-variable -Wno-error=odr -Waggregate-return -Wnested-externs -Wold-style-definition -Wstrict-prototypes -march=native -maes     -rdynamic CMakeFiles/cmTC_86182.dir/CheckSymbolExists.c.o  -o cmTC_86182 
/usr/bin/ld: CMakeFiles/cmTC_86182.dir/CheckSymbolExists.c.o: in function `main':
CheckSymbolExists.c:(.text+0x1b): undefined reference to `pthread_create'
collect2: ошибка: выполнение ld завершилось с кодом возврата 1
make[2]: *** [CMakeFiles/cmTC_86182.dir/build.make:87: cmTC_86182] Ошибка 1
make[2]: выход из каталога «/home/alles/FabenialCoin/Sources/build/release/CMakeFiles/CMakeTmp»
make[1]: *** [Makefile:121: cmTC_86182/fast] Ошибка 2
make[1]: выход из каталога «/home/alles/FabenialCoin/Sources/build/release/CMakeFiles/CMakeTmp»

File /home/alles/FabenialCoin/Sources/build/release/CMakeFiles/CMakeTmp/CheckSymbolExists.c:
/* */
#include <pthread.h>

int main(int argc, char** argv)
{
  (void)argv;
#ifndef pthread_create
  return ((int*)(&pthread_create))[argc];
#else
  (void)argc;
  return 0;
#endif
}

Determining if the function pthread_create exists in the pthreads failed with the following output:
Change Dir: /home/alles/FabenialCoin/Sources/build/release/CMakeFiles/CMakeTmp

Run Build Command(s):/usr/bin/make cmTC_be870/fast 
make[1]: вход в каталог «/home/alles/FabenialCoin/Sources/build/release/CMakeFiles/CMakeTmp»
/usr/bin/make -f CMakeFiles/cmTC_be870.dir/build.make CMakeFiles/cmTC_be870.dir/build
make[2]: вход в каталог «/home/alles/FabenialCoin/Sources/build/release/CMakeFiles/CMakeTmp»
Building C object CMakeFiles/cmTC_be870.dir/CheckFunctionExists.c.o
/usr/bin/cc   -std=c11  -Wall -Wextra -Wpointer-arith -Wundef -Wvla -Wwrite-strings -Werror -Wno-error=extra -Wno-error=unused-function -Wno-error=deprecated-declarations -Wno-error=sign-compare -Wno-error=strict-aliasing -Wno-error=type-limits -Wno-unused-parameter -Wno-error=unused-variable -Wno-error=undef -Wno-error=uninitialized -Wno-error=unused-result -Wlogical-op -Wno-error=maybe-uninitialized -Wno-error=clobbered -Wno-error=unused-but-set-variable -Wno-error=odr -Waggregate-return -Wnested-externs -Wold-style-definition -Wstrict-prototypes -march=native -maes -DCHECK_FUNCTION_EXISTS=pthread_create   -o CMakeFiles/cmTC_be870.dir/CheckFunctionExists.c.o   -c /usr/share/cmake-3.14/Modules/CheckFunctionExists.c
Linking C executable cmTC_be870
/usr/bin/cmake -E cmake_link_script CMakeFiles/cmTC_be870.dir/link.txt --verbose=1
/usr/bin/cc  -std=c11  -Wall -Wextra -Wpointer-arith -Wundef -Wvla -Wwrite-strings -Werror -Wno-error=extra -Wno-error=unused-function -Wno-error=deprecated-declarations -Wno-error=sign-compare -Wno-error=strict-aliasing -Wno-error=type-limits -Wno-unused-parameter -Wno-error=unused-variable -Wno-error=undef -Wno-error=uninitialized -Wno-error=unused-result -Wlogical-op -Wno-error=maybe-uninitialized -Wno-error=clobbered -Wno-error=unused-but-set-variable -Wno-error=odr -Waggregate-return -Wnested-externs -Wold-style-definition -Wstrict-prototypes -march=native -maes -DCHECK_FUNCTION_EXISTS=pthread_create    -rdynamic CMakeFiles/cmTC_be870.dir/CheckFunctionExists.c.o  -o cmTC_be870 -lpthreads 
/usr/bin/ld: cannot find -lpthreads
collect2: ошибка: выполнение ld завершилось с кодом возврата 1
make[2]: *** [CMakeFiles/cmTC_be870.dir/build.make:87: cmTC_be870] Ошибка 1
make[2]: выход из каталога «/home/alles/FabenialCoin/Sources/build/release/CMakeFiles/CMakeTmp»
make[1]: *** [Makefile:121: cmTC_be870/fast] Ошибка 2
make[1]: выход из каталога «/home/alles/FabenialCoin/Sources/build/release/CMakeFiles/CMakeTmp»


